TN:
SF:src\modules\appointments\services\CreateAppointmentService.ts
FN:17,(anonymous_18)
FN:18,CreateAppointmentService
FN:29,(anonymous_20)
FNF:3
FNH:3
FNDA:1,(anonymous_18)
FNDA:5,CreateAppointmentService
FNDA:7,(anonymous_20)
DA:6,1
DA:7,1
DA:8,1
DA:17,1
DA:20,5
DA:23,5
DA:26,5
DA:29,7
DA:31,7
DA:33,7
DA:34,3
DA:37,4
DA:38,1
DA:41,3
DA:42,1
DA:45,2
DA:48,2
DA:49,0
DA:52,2
DA:58,2
DA:59,4
DA:64,4
DA:67,2
DA:69,1
DA:71,1
LF:25
LH:24
BRDA:33,0,0,3
BRDA:33,0,1,4
BRDA:37,1,0,1
BRDA:37,1,1,3
BRDA:41,2,0,1
BRDA:41,2,1,2
BRDA:41,3,0,3
BRDA:41,3,1,2
BRDA:48,4,0,0
BRDA:48,4,1,2
BRF:10
BRH:9
end_of_record
TN:
SF:src\modules\appointments\services\ListProviderAppointmentsService.ts
FN:18,(anonymous_17)
FN:19,ListProviderAppointmentsService
FN:29,(anonymous_19)
FNF:3
FNH:3
FNDA:1,(anonymous_17)
FNDA:1,ListProviderAppointmentsService
FNDA:1,(anonymous_19)
DA:1,1
DA:7,1
DA:18,1
DA:21,1
DA:24,1
DA:29,1
DA:30,1
DA:32,1
DA:34,1
DA:35,1
DA:45,2
DA:47,1
DA:49,1
DA:50,1
LF:14
LH:14
BRDA:45,0,0,1
BRDA:34,1,0,0
BRDA:34,1,1,1
BRF:3
BRH:2
end_of_record
TN:
SF:src\modules\appointments\services\ListProviderDayAvailabilityService.ts
FN:19,(anonymous_17)
FN:20,ListProviderDayAvailabilityService
FN:25,(anonymous_19)
FN:35,(anonymous_22)
FN:39,(anonymous_23)
FN:40,(anonymous_24)
FNF:6
FNH:6
FNDA:1,(anonymous_17)
FNDA:1,ListProviderDayAvailabilityService
FNDA:1,(anonymous_19)
FNDA:10,(anonymous_22)
FNDA:10,(anonymous_23)
FNDA:19,(anonymous_24)
DA:1,1
DA:2,1
DA:19,1
DA:22,1
DA:25,1
DA:26,1
DA:33,1
DA:35,10
DA:37,1
DA:39,1
DA:40,10
DA:41,19
DA:44,10
DA:49,10
DA:55,1
DA:59,1
DA:60,1
LF:17
LH:17
BRDA:26,0,0,1
BRDA:51,1,0,10
BRDA:51,1,1,8
BRF:3
BRH:3
end_of_record
TN:
SF:src\modules\appointments\services\ListProviderMonthAvailabilityService.ts
FN:19,(anonymous_17)
FN:20,ListProviderMonthAvailabilityService
FN:27,(anonymous_19)
FN:39,(anonymous_22)
FN:42,(anonymous_23)
FN:44,(anonymous_24)
FNF:6
FNH:6
FNDA:1,(anonymous_17)
FNDA:1,ListProviderMonthAvailabilityService
FNDA:1,(anonymous_19)
FNDA:31,(anonymous_22)
FNDA:31,(anonymous_23)
FNDA:341,(anonymous_24)
DA:1,1
DA:2,1
DA:19,1
DA:22,1
DA:27,1
DA:28,1
DA:35,1
DA:37,1
DA:39,31
DA:42,1
DA:43,31
DA:44,31
DA:45,341
DA:48,31
DA:55,1
DA:57,1
DA:58,1
LF:17
LH:17
BRDA:28,0,0,1
BRDA:51,1,0,31
BRDA:51,1,1,31
BRF:3
BRH:3
end_of_record
TN:
SF:src\modules\appointments\services\ListProvidersService.ts
FN:14,(anonymous_17)
FN:16,ListProvidersService
FN:24,(anonymous_19)
FNF:3
FNH:3
FNDA:1,(anonymous_17)
FNDA:1,ListProvidersService
FNDA:1,(anonymous_19)
DA:1,1
DA:14,1
DA:18,1
DA:21,1
DA:24,1
DA:25,1
DA:26,1
DA:27,1
DA:31,1
DA:33,2
DA:36,1
DA:38,1
DA:39,1
LF:13
LH:13
BRDA:25,0,0,1
BRDA:25,0,1,1
BRDA:26,1,0,0
BRDA:26,1,1,1
BRF:4
BRH:3
end_of_record
TN:
SF:src\modules\users\services\AuthenticateUserService.ts
FN:25,(anonymous_18)
FN:26,AuthenticateUserService
FN:34,(anonymous_20)
FNF:3
FNH:3
FNDA:1,(anonymous_18)
FNDA:3,AuthenticateUserService
FNDA:3,(anonymous_20)
DA:1,1
DA:2,1
DA:3,1
DA:7,1
DA:25,1
DA:28,3
DA:31,3
DA:34,3
DA:36,3
DA:38,3
DA:39,1
DA:44,2
DA:46,2
DA:47,1
DA:56,1
DA:58,1
DA:63,1
DA:68,1
DA:70,1
LF:19
LH:19
BRDA:36,0,0,3
BRDA:38,1,0,1
BRDA:38,1,1,2
BRDA:46,2,0,1
BRDA:46,2,1,1
BRF:5
BRH:5
end_of_record
TN:
SF:src\modules\users\services\CreateUserService.ts
FN:16,(anonymous_18)
FN:17,CreateUserService
FN:28,(anonymous_20)
FNF:3
FNH:3
FNDA:1,(anonymous_18)
FNDA:2,CreateUserService
FNDA:3,(anonymous_20)
DA:1,1
DA:3,1
DA:16,1
DA:19,2
DA:22,2
DA:25,2
DA:28,3
DA:29,3
DA:31,3
DA:32,1
DA:35,2
DA:37,2
DA:43,4
DA:45,2
DA:47,1
DA:49,1
LF:16
LH:16
BRDA:29,0,0,3
BRDA:31,1,0,1
BRDA:31,1,1,2
BRF:3
BRH:3
end_of_record
TN:
SF:src\modules\users\services\ResetPasswordService.ts
FN:17,(anonymous_18)
FN:18,ResetPasswordService
FN:29,(anonymous_20)
FNF:3
FNH:3
FNDA:1,(anonymous_18)
FNDA:4,ResetPasswordService
FNDA:4,(anonymous_20)
DA:1,1
DA:2,1
DA:4,1
DA:17,1
DA:20,4
DA:23,4
DA:26,4
DA:29,4
DA:30,4
DA:32,4
DA:33,1
DA:36,3
DA:38,3
DA:39,1
DA:42,2
DA:43,2
DA:45,2
DA:46,1
DA:49,1
DA:51,2
DA:54,1
DA:56,1
LF:22
LH:22
BRDA:30,0,0,4
BRDA:32,1,0,1
BRDA:32,1,1,3
BRDA:38,2,0,1
BRDA:38,2,1,2
BRDA:45,3,0,1
BRDA:45,3,1,1
BRF:7
BRH:7
end_of_record
TN:
SF:src\modules\users\services\SendForgotPasswordEmailService.ts
FN:14,(anonymous_18)
FN:15,SendForgotPasswordEmailService
FN:26,(anonymous_20)
FNF:3
FNH:3
FNDA:1,(anonymous_18)
FNDA:3,SendForgotPasswordEmailService
FNDA:3,(anonymous_20)
DA:1,1
DA:2,1
DA:4,1
DA:14,1
DA:17,3
DA:20,3
DA:23,3
DA:26,3
DA:27,3
DA:29,3
DA:30,1
DA:33,2
DA:35,2
DA:38,4
DA:53,1
DA:55,1
LF:16
LH:16
BRDA:27,0,0,3
BRDA:29,1,0,1
BRDA:29,1,1,2
BRF:3
BRH:3
end_of_record
TN:
SF:src\modules\users\services\ShowProfileService.ts
FN:13,(anonymous_18)
FN:15,ShowProfileService
FN:20,(anonymous_20)
FNF:3
FNH:3
FNDA:1,(anonymous_18)
FNDA:2,ShowProfileService
FNDA:2,(anonymous_20)
DA:2,1
DA:4,1
DA:13,1
DA:17,2
DA:20,2
DA:21,2
DA:23,2
DA:24,1
DA:26,1
DA:28,1
DA:29,1
LF:11
LH:11
BRDA:21,0,0,2
BRDA:23,1,0,1
BRDA:23,1,1,1
BRF:3
BRH:3
end_of_record
TN:
SF:src\modules\users\services\UpdateProfileService.ts
FN:21,(anonymous_18)
FN:23,UpdateProfileService
FN:32,(anonymous_20)
FNF:3
FNH:3
FNDA:1,(anonymous_18)
FNDA:6,UpdateProfileService
FNDA:6,(anonymous_20)
DA:2,1
DA:5,1
DA:21,1
DA:25,6
DA:28,6
DA:32,6
DA:33,6
DA:35,6
DA:36,1
DA:38,5
DA:39,5
DA:41,5
DA:42,1
DA:45,6
DA:46,2
DA:50,2
DA:51,1
DA:53,1
DA:56,3
DA:58,3
DA:59,1
DA:62,2
DA:64,1
DA:65,1
LF:24
LH:24
BRDA:33,0,0,6
BRDA:33,0,1,3
BRDA:33,0,2,2
BRDA:35,1,0,1
BRDA:35,1,1,5
BRDA:41,2,0,1
BRDA:41,2,1,4
BRDA:41,3,0,5
BRDA:41,3,1,3
BRDA:45,4,0,2
BRDA:45,4,1,2
BRDA:45,5,0,4
BRDA:45,5,1,2
BRDA:50,6,0,1
BRDA:50,6,1,1
BRDA:58,7,0,1
BRDA:58,7,1,2
BRDA:58,8,0,3
BRDA:58,8,1,3
BRF:19
BRH:19
end_of_record
TN:
SF:src\modules\users\services\UpdateUserAvatarService.ts
FN:23,(anonymous_18)
FN:24,UpdateUserAvatarService
FN:32,(anonymous_20)
FNF:3
FNH:3
FNDA:1,(anonymous_18)
FNDA:4,UpdateUserAvatarService
FNDA:4,(anonymous_20)
DA:8,1
DA:12,1
DA:23,1
DA:26,4
DA:29,4
DA:32,4
DA:37,4
DA:38,4
DA:39,1
DA:42,5
DA:43,2
DA:46,3
DA:58,3
DA:60,6
DA:62,3
DA:65,1
DA:66,1
LF:17
LH:17
BRDA:37,0,0,4
BRDA:37,0,1,3
BRDA:38,1,0,1
BRDA:38,1,1,3
BRDA:42,2,0,2
BRDA:42,2,1,1
BRF:6
BRH:6
end_of_record
